This file contains any messages produced by compilers while
running configure, to aid debugging if configure makes a mistake.

It was created by configure, which was
generated by GNU Autoconf 2.57.  Invocation command line was

  $ ./configure 

## --------- ##
## Platform. ##
## --------- ##

hostname = FI720000C49
uname -m = i686
uname -r = 2.6.10-5-386
uname -s = Linux
uname -v = #1 Mon Oct 10 11:15:41 UTC 2005

/usr/bin/uname -p = unknown
/bin/uname -X     = unknown

/bin/arch              = i686
/usr/bin/arch -k       = unknown
/usr/convex/getsysinfo = unknown
hostinfo               = unknown
/bin/machine           = unknown
/usr/bin/oslevel       = unknown
/bin/universe          = unknown

PATH: /usr/local/bin
PATH: /usr/local/sbin
PATH: /sbin
PATH: /usr/sbin
PATH: /bin
PATH: /usr/bin
PATH: /usr/bin/X11
PATH: /usr/games
PATH: /usr/java/jre1.5.0_04/bin


## ----------- ##
## Core tests. ##
## ----------- ##

configure:1486: checking for a BSD-compatible install
configure:1540: result: /usr/bin/install -c
configure:1551: checking whether build environment is sane
configure:1594: result: yes
configure:1627: checking for gawk
configure:1656: result: no
configure:1627: checking for mawk
configure:1643: found /usr/bin/mawk
configure:1653: result: mawk
configure:1663: checking whether make sets $(MAKE)
configure:1683: result: yes
configure:1925: checking for g++
configure:1941: found /usr/bin/g++
configure:1951: result: g++
configure:1967: checking for C++ compiler version
configure:1970: g++ --version </dev/null >&5
g++ (GCC) 3.3.5 (Debian 1:3.3.5-8ubuntu2)
Copyright (C) 2003 Free Software Foundation, Inc.
This is free software; see the source for copying conditions.  There is NO
warranty; not even for MERCHANTABILITY or FITNESS FOR A PARTICULAR PURPOSE.

configure:1973: $? = 0
configure:1975: g++ -v </dev/null >&5
Reading specs from /usr/lib/gcc-lib/i486-linux/3.3.5/specs
Configured with: ../src/configure -v --enable-languages=c,c++,java,f77,pascal,objc,ada,treelang --prefix=/usr --mandir=/usr/share/man --infodir=/usr/share/info --with-gxx-include-dir=/usr/include/c++/3.3 --enable-shared --with-system-zlib --enable-nls --without-included-gettext --enable-__cxa_atexit --enable-clocale=gnu --enable-debug --enable-java-gc=boehm --enable-java-awt=xlib --enable-objc-gc i486-linux
Thread model: posix
gcc version 3.3.5 (Debian 1:3.3.5-8ubuntu2)
configure:1978: $? = 0
configure:1980: g++ -V </dev/null >&5
g++: `-V' option must have argument
configure:1983: $? = 1
configure:2007: checking for C++ compiler default output
configure:2010: g++    conftest.cc  >&5
configure:2013: $? = 0
configure:2059: result: a.out
configure:2064: checking whether the C++ compiler works
configure:2070: ./a.out
configure:2073: $? = 0
configure:2090: result: yes
configure:2097: checking whether we are cross compiling
configure:2099: result: no
configure:2102: checking for suffix of executables
configure:2104: g++ -o conftest    conftest.cc  >&5
configure:2107: $? = 0
configure:2132: result: 
configure:2138: checking for suffix of object files
configure:2160: g++ -c   conftest.cc >&5
configure:2163: $? = 0
configure:2185: result: o
configure:2189: checking whether we are using the GNU C++ compiler
configure:2214: g++ -c   conftest.cc >&5
configure:2217: $? = 0
configure:2220: test -s conftest.o
configure:2223: $? = 0
configure:2236: result: yes
configure:2242: checking whether g++ accepts -g
configure:2264: g++ -c -g  conftest.cc >&5
configure:2267: $? = 0
configure:2270: test -s conftest.o
configure:2273: $? = 0
configure:2284: result: yes
configure:2328: g++ -c -g -O2  conftest.cc >&5
configure:2331: $? = 0
configure:2334: test -s conftest.o
configure:2337: $? = 0
configure:2364: g++ -c -g -O2  conftest.cc >&5
configure: In function `int main()':
configure:2361: error: `exit' undeclared (first use this function)
configure:2361: error: (Each undeclared identifier is reported only once for 
   each function it appears in.)
configure:2367: $? = 1
configure: failed program was:
| #line 2347 "configure"
| /* confdefs.h.  */
| 
| #define PACKAGE_NAME ""
| #define PACKAGE_TARNAME ""
| #define PACKAGE_VERSION ""
| #define PACKAGE_STRING ""
| #define PACKAGE_BUGREPORT ""
| #define PACKAGE "htmlcxx"
| #define VERSION "0.4"
| /* end confdefs.h.  */
| 
| int
| main ()
| {
| exit (42);
|   ;
|   return 0;
| }
configure:2328: g++ -c -g -O2  conftest.cc >&5
configure:2331: $? = 0
configure:2334: test -s conftest.o
configure:2337: $? = 0
configure:2364: g++ -c -g -O2  conftest.cc >&5
configure:2367: $? = 0
configure:2370: test -s conftest.o
configure:2373: $? = 0
configure:2407: checking for style of include used by make
configure:2435: result: GNU
configure:2463: checking dependency style of g++
configure:2546: result: gcc3
configure:2609: checking for gcc
configure:2625: found /usr/bin/gcc
configure:2635: result: gcc
configure:2879: checking for C compiler version
configure:2882: gcc --version </dev/null >&5
gcc (GCC) 3.3.5 (Debian 1:3.3.5-8ubuntu2)
Copyright (C) 2003 Free Software Foundation, Inc.
This is free software; see the source for copying conditions.  There is NO
warranty; not even for MERCHANTABILITY or FITNESS FOR A PARTICULAR PURPOSE.

configure:2885: $? = 0
configure:2887: gcc -v </dev/null >&5
Reading specs from /usr/lib/gcc-lib/i486-linux/3.3.5/specs
Configured with: ../src/configure -v --enable-languages=c,c++,java,f77,pascal,objc,ada,treelang --prefix=/usr --mandir=/usr/share/man --infodir=/usr/share/info --with-gxx-include-dir=/usr/include/c++/3.3 --enable-shared --with-system-zlib --enable-nls --without-included-gettext --enable-__cxa_atexit --enable-clocale=gnu --enable-debug --enable-java-gc=boehm --enable-java-awt=xlib --enable-objc-gc i486-linux
Thread model: posix
gcc version 3.3.5 (Debian 1:3.3.5-8ubuntu2)
configure:2890: $? = 0
configure:2892: gcc -V </dev/null >&5
gcc: `-V' option must have argument
configure:2895: $? = 1
configure:2898: checking whether we are using the GNU C compiler
configure:2923: gcc -c   conftest.c >&5
configure:2926: $? = 0
configure:2929: test -s conftest.o
configure:2932: $? = 0
configure:2945: result: yes
configure:2951: checking whether gcc accepts -g
configure:2973: gcc -c -g  conftest.c >&5
configure:2976: $? = 0
configure:2979: test -s conftest.o
configure:2982: $? = 0
configure:2993: result: yes
configure:3010: checking for gcc option to accept ANSI C
configure:3071: gcc  -c -g -O2  conftest.c >&5
configure:3074: $? = 0
configure:3077: test -s conftest.o
configure:3080: $? = 0
configure:3098: result: none needed
configure:3116: gcc -c -g -O2  conftest.c >&5
conftest.c:2: error: syntax error before "me"
configure:3119: $? = 1
configure: failed program was:
| #ifndef __cplusplus
|   choke me
| #endif
configure:3230: checking dependency style of gcc
configure:3313: result: gcc3
configure:3335: checking for flex
configure:3364: result: no
configure:3335: checking for lex
configure:3364: result: no
configure:3374: checking for yywrap in -lfl
configure:3405: gcc -o conftest -g -O2   conftest.c -lfl   >&5
/usr/bin/ld: cannot find -lfl
collect2: ld returned 1 exit status
configure:3408: $? = 1
configure: failed program was:
| #line 3381 "configure"
| /* confdefs.h.  */
| 
| #define PACKAGE_NAME ""
| #define PACKAGE_TARNAME ""
| #define PACKAGE_VERSION ""
| #define PACKAGE_STRING ""
| #define PACKAGE_BUGREPORT ""
| #define PACKAGE "htmlcxx"
| #define VERSION "0.4"
| #ifdef __cplusplus
| #include <stdlib.h>
| #endif
| /* end confdefs.h.  */
| 
| /* Override any gcc2 internal prototype to avoid an error.  */
| #ifdef __cplusplus
| extern "C"
| #endif
| /* We use char because int might match the return type of a gcc2
|    builtin and then its argument prototype would still apply.  */
| char yywrap ();
| int
| main ()
| {
| yywrap ();
|   ;
|   return 0;
| }
configure:3426: result: no
configure:3431: checking for yywrap in -ll
configure:3462: gcc -o conftest -g -O2   conftest.c -ll   >&5
/usr/bin/ld: cannot find -ll
collect2: ld returned 1 exit status
configure:3465: $? = 1
configure: failed program was:
| #line 3438 "configure"
| /* confdefs.h.  */
| 
| #define PACKAGE_NAME ""
| #define PACKAGE_TARNAME ""
| #define PACKAGE_VERSION ""
| #define PACKAGE_STRING ""
| #define PACKAGE_BUGREPORT ""
| #define PACKAGE "htmlcxx"
| #define VERSION "0.4"
| #ifdef __cplusplus
| #include <stdlib.h>
| #endif
| /* end confdefs.h.  */
| 
| /* Override any gcc2 internal prototype to avoid an error.  */
| #ifdef __cplusplus
| extern "C"
| #endif
| /* We use char because int might match the return type of a gcc2
|    builtin and then its argument prototype would still apply.  */
| char yywrap ();
| int
| main ()
| {
| yywrap ();
|   ;
|   return 0;
| }
configure:3483: result: no
configure:3581: checking for bison
configure:3610: result: no
configure:3581: checking for byacc
configure:3610: result: no
configure:3668: checking build system type
configure:3686: result: i686-pc-linux-gnu
configure:3694: checking host system type
configure:3708: result: i686-pc-linux-gnu
configure:3738: checking for ld used by GCC
configure:3801: result: /usr/bin/ld
configure:3810: checking if the linker (/usr/bin/ld) is GNU ld
GNU ld version 2.15
configure:3822: result: yes
configure:3827: checking for /usr/bin/ld option to reload object files
configure:3834: result: -r
configure:3839: checking for BSD-compatible nm
configure:3875: result: /usr/bin/nm -B
configure:3878: checking for a sed that does not truncate output
configure:3960: result: /bin/sed
configure:3963: checking whether ln -s works
configure:3967: result: yes
configure:3974: checking how to recognise dependent libraries
configure:4155: result: pass_all
configure:4167: checking command to parse /usr/bin/nm -B output
configure:4251: gcc -c -g -O2  conftest.c >&5
configure:4254: $? = 0
configure:4258: /usr/bin/nm -B conftest.o \| sed -n -e 's/^.*[ 	]\([ABCDGISTW][ABCDGISTW]*\)[ 	][ 	]*\(\)\([_A-Za-z][_A-Za-z0-9]*\)$/\1 \2\3 \3/p' \> conftest.nm
configure:4261: $? = 0
configure:4313: gcc -o conftest -g -O2   conftest.c conftstm.o >&5
configure:4316: $? = 0
configure:4360: result: ok
configure:4369: checking how to run the C preprocessor
configure:4405: gcc -E  conftest.c
configure:4411: $? = 0
configure:4443: gcc -E  conftest.c
configure:4447:28: ac_nonexistent.h: No such file or directory
configure:4449: $? = 1
configure: failed program was:
| #line 4434 "configure"
| /* confdefs.h.  */
| 
| #define PACKAGE_NAME ""
| #define PACKAGE_TARNAME ""
| #define PACKAGE_VERSION ""
| #define PACKAGE_STRING ""
| #define PACKAGE_BUGREPORT ""
| #define PACKAGE "htmlcxx"
| #define VERSION "0.4"
| #ifdef __cplusplus
| #include <stdlib.h>
| #endif
| /* end confdefs.h.  */
| #include <ac_nonexistent.h>
configure:4487: result: gcc -E
configure:4512: gcc -E  conftest.c
configure:4518: $? = 0
configure:4550: gcc -E  conftest.c
configure:4554:28: ac_nonexistent.h: No such file or directory
configure:4556: $? = 1
configure: failed program was:
| #line 4541 "configure"
| /* confdefs.h.  */
| 
| #define PACKAGE_NAME ""
| #define PACKAGE_TARNAME ""
| #define PACKAGE_VERSION ""
| #define PACKAGE_STRING ""
| #define PACKAGE_BUGREPORT ""
| #define PACKAGE "htmlcxx"
| #define VERSION "0.4"
| #ifdef __cplusplus
| #include <stdlib.h>
| #endif
| /* end confdefs.h.  */
| #include <ac_nonexistent.h>
configure:4599: checking for egrep
configure:4609: result: grep -E
configure:4614: checking for ANSI C header files
configure:4640: gcc -c -g -O2  conftest.c >&5
configure:4643: $? = 0
configure:4646: test -s conftest.o
configure:4649: $? = 0
configure:4741: gcc -o conftest -g -O2   conftest.c  >&5
configure:4744: $? = 0
configure:4746: ./conftest
configure:4749: $? = 0
configure:4764: result: yes
configure:4788: checking for sys/types.h
configure:4805: gcc -c -g -O2  conftest.c >&5
configure:4808: $? = 0
configure:4811: test -s conftest.o
configure:4814: $? = 0
configure:4825: result: yes
configure:4788: checking for sys/stat.h
configure:4805: gcc -c -g -O2  conftest.c >&5
configure:4808: $? = 0
configure:4811: test -s conftest.o
configure:4814: $? = 0
configure:4825: result: yes
configure:4788: checking for stdlib.h
configure:4805: gcc -c -g -O2  conftest.c >&5
configure:4808: $? = 0
configure:4811: test -s conftest.o
configure:4814: $? = 0
configure:4825: result: yes
configure:4788: checking for string.h
configure:4805: gcc -c -g -O2  conftest.c >&5
configure:4808: $? = 0
configure:4811: test -s conftest.o
configure:4814: $? = 0
configure:4825: result: yes
configure:4788: checking for memory.h
configure:4805: gcc -c -g -O2  conftest.c >&5
configure:4808: $? = 0
configure:4811: test -s conftest.o
configure:4814: $? = 0
configure:4825: result: yes
configure:4788: checking for strings.h
configure:4805: gcc -c -g -O2  conftest.c >&5
configure:4808: $? = 0
configure:4811: test -s conftest.o
configure:4814: $? = 0
configure:4825: result: yes
configure:4788: checking for inttypes.h
configure:4805: gcc -c -g -O2  conftest.c >&5
configure:4808: $? = 0
configure:4811: test -s conftest.o
configure:4814: $? = 0
configure:4825: result: yes
configure:4788: checking for stdint.h
configure:4805: gcc -c -g -O2  conftest.c >&5
configure:4808: $? = 0
configure:4811: test -s conftest.o
configure:4814: $? = 0
configure:4825: result: yes
configure:4788: checking for unistd.h
configure:4805: gcc -c -g -O2  conftest.c >&5
configure:4808: $? = 0
configure:4811: test -s conftest.o
configure:4814: $? = 0
configure:4825: result: yes
configure:4851: checking dlfcn.h usability
configure:4864: gcc -c -g -O2  conftest.c >&5
configure:4867: $? = 0
configure:4870: test -s conftest.o
configure:4873: $? = 0
configure:4883: result: yes
configure:4887: checking dlfcn.h presence
configure:4898: gcc -E  conftest.c
configure:4904: $? = 0
configure:4923: result: yes
configure:4959: checking for dlfcn.h
configure:4966: result: yes
configure:5164: checking for ranlib
configure:5180: found /usr/bin/ranlib
configure:5191: result: ranlib
configure:5244: checking for strip
configure:5260: found /usr/bin/strip
configure:5271: result: strip
configure:5481: checking for objdir
configure:5492: result: .libs
configure:5509: checking for gcc option to produce PIC
configure:5655: result: -fPIC
configure:5659: checking if gcc PIC flag -fPIC works
configure:5683: gcc -c -g -O2 -fPIC -DPIC  conftest.c >&5
configure:5686: $? = 0
configure:5689: test -s conftest.o
configure:5692: $? = 0
configure:5730: result: yes
configure:5746: checking if gcc static flag -static works
configure:5771: gcc -o conftest -g -O2   -static conftest.c  >&5
configure:5774: $? = 0
configure:5777: test -s conftest
configure:5780: $? = 0
configure:5796: result: yes
configure:5808: checking if gcc supports -c -o file.o
configure:5828: gcc -c -g -O2 -o out/conftest2.o  conftest.c >&5
configure:5852: result: yes
configure:5857: checking if gcc supports -c -o file.lo
configure:5885: gcc -c -g -O2 -c -o conftest.lo  conftest.c >&5
configure:5888: $? = 0
configure:5891: test -s conftest.lo
configure:5894: $? = 0
configure:5916: result: yes
configure:5947: checking if gcc supports -fno-rtti -fno-exceptions
configure:5970: gcc -c -g -O2 -fno-rtti -fno-exceptions -c conftest.c  conftest.c >&5
cc1: warning: "-fno-rtti" is valid for C++ but not for C/ObjC
cc1: warning: "-fno-rtti" is valid for C++ but not for C/ObjC
configure:5973: $? = 0
configure:5976: test -s conftest.o
configure:5979: $? = 0
configure:5996: result: yes
configure:6007: checking whether the linker (/usr/bin/ld) supports shared libraries
configure:6702: result: yes
configure:6707: checking how to hardcode library paths into programs
configure:6731: result: immediate
configure:6736: checking whether stripping libraries is possible
configure:6741: result: yes
configure:6752: checking dynamic linker characteristics
configure:7159: result: GNU/Linux ld.so
configure:7164: checking if libtool supports shared libraries
configure:7166: result: yes
configure:7169: checking whether to build shared libraries
configure:7190: result: yes
configure:7193: checking whether to build static libraries
configure:7197: result: no
configure:7871: checking whether -lc should be explicitly linked in
configure:7879: gcc -c -g -O2  conftest.c >&5
configure:7882: $? = 0
configure:7896: gcc -shared conftest.o  -v -Wl,-soname -Wl,conftest -o conftest 2\>\&1 \| grep  -lc  \>/dev/null 2\>\&1
configure:7899: $? = 0
configure:7912: result: no
configure:8489: checking for main in -lfl
configure:8514: gcc -o conftest -g -O2   conftest.c -lfl   >&5
/usr/bin/ld: cannot find -lfl
collect2: ld returned 1 exit status
configure:8517: $? = 1
configure: failed program was:
| #line 8496 "configure"
| /* confdefs.h.  */
| 
| #define PACKAGE_NAME ""
| #define PACKAGE_TARNAME ""
| #define PACKAGE_VERSION ""
| #define PACKAGE_STRING ""
| #define PACKAGE_BUGREPORT ""
| #define PACKAGE "htmlcxx"
| #define VERSION "0.4"
| #ifdef __cplusplus
| #include <stdlib.h>
| #endif
| #define STDC_HEADERS 1
| #define HAVE_SYS_TYPES_H 1
| #define HAVE_SYS_STAT_H 1
| #define HAVE_STDLIB_H 1
| #define HAVE_STRING_H 1
| #define HAVE_MEMORY_H 1
| #define HAVE_STRINGS_H 1
| #define HAVE_INTTYPES_H 1
| #define HAVE_STDINT_H 1
| #define HAVE_UNISTD_H 1
| #define HAVE_DLFCN_H 1
| /* end confdefs.h.  */
| 
| 
| int
| main ()
| {
| main ();
|   ;
|   return 0;
| }
configure:8535: result: no
configure:8550: checking for ANSI C header files
configure:8700: result: yes
configure:8713: checking for stdbool.h that conforms to C99
configure:8767: gcc -c -g -O2  conftest.c >&5
configure:8770: $? = 0
configure:8773: test -s conftest.o
configure:8776: $? = 0
configure:8787: result: yes
configure:8789: checking for _Bool
configure:8814: gcc -c -g -O2  conftest.c >&5
configure:8817: $? = 0
configure:8820: test -s conftest.o
configure:8823: $? = 0
configure:8834: result: yes
configure:8853: checking for an ANSI C-conforming const
configure:8921: gcc -c -g -O2  conftest.c >&5
configure:8924: $? = 0
configure:8927: test -s conftest.o
configure:8930: $? = 0
configure:8941: result: yes
configure:8951: checking for inline
configure:8973: gcc -c -g -O2  conftest.c >&5
configure:8976: $? = 0
configure:8979: test -s conftest.o
configure:8982: $? = 0
configure:8994: result: inline
configure:9009: checking for size_t
configure:9034: gcc -c -g -O2  conftest.c >&5
configure:9037: $? = 0
configure:9040: test -s conftest.o
configure:9043: $? = 0
configure:9054: result: yes
configure:9066: checking whether time.h and sys/time.h may both be included
configure:9092: gcc -c -g -O2  conftest.c >&5
configure:9095: $? = 0
configure:9098: test -s conftest.o
configure:9101: $? = 0
configure:9112: result: yes
configure:9250: creating ./config.status

## ---------------------- ##
## Running config.status. ##
## ---------------------- ##

This file was extended by config.status, which was
generated by GNU Autoconf 2.57.  Invocation command line was

  CONFIG_FILES    = 
  CONFIG_HEADERS  = 
  CONFIG_LINKS    = 
  CONFIG_COMMANDS = 
  $ ./config.status 

on FI720000C49

config.status:677: creating Makefile
config.status:677: creating html/Makefile
config.status:677: creating css/Makefile
config.status:781: creating config.h
config.status:896: config.h is unchanged
config.status:1018: executing depfiles commands

## ---------------- ##
## Cache variables. ##
## ---------------- ##

ac_cv_build=i686-pc-linux-gnu
ac_cv_build_alias=i686-pc-linux-gnu
ac_cv_c_compiler_gnu=yes
ac_cv_c_const=yes
ac_cv_c_inline=inline
ac_cv_cxx_compiler_gnu=yes
ac_cv_env_CC_set=
ac_cv_env_CC_value=
ac_cv_env_CFLAGS_set=
ac_cv_env_CFLAGS_value=
ac_cv_env_CPPFLAGS_set=
ac_cv_env_CPPFLAGS_value=
ac_cv_env_CPP_set=
ac_cv_env_CPP_value=
ac_cv_env_CXXFLAGS_set=
ac_cv_env_CXXFLAGS_value=
ac_cv_env_CXX_set=
ac_cv_env_CXX_value=
ac_cv_env_LDFLAGS_set=
ac_cv_env_LDFLAGS_value=
ac_cv_env_build_alias_set=
ac_cv_env_build_alias_value=
ac_cv_env_host_alias_set=
ac_cv_env_host_alias_value=
ac_cv_env_target_alias_set=
ac_cv_env_target_alias_value=
ac_cv_exeext=
ac_cv_header_dlfcn_h=yes
ac_cv_header_inttypes_h=yes
ac_cv_header_memory_h=yes
ac_cv_header_stdbool_h=yes
ac_cv_header_stdc=yes
ac_cv_header_stdint_h=yes
ac_cv_header_stdlib_h=yes
ac_cv_header_string_h=yes
ac_cv_header_strings_h=yes
ac_cv_header_sys_stat_h=yes
ac_cv_header_sys_types_h=yes
ac_cv_header_time=yes
ac_cv_header_unistd_h=yes
ac_cv_host=i686-pc-linux-gnu
ac_cv_host_alias=i686-pc-linux-gnu
ac_cv_lib_fl_main=no
ac_cv_lib_fl_yywrap=no
ac_cv_lib_l_yywrap=no
ac_cv_objext=o
ac_cv_path_install='/usr/bin/install -c'
ac_cv_prog_AWK=mawk
ac_cv_prog_CPP='gcc -E'
ac_cv_prog_ac_ct_CC=gcc
ac_cv_prog_ac_ct_CXX=g++
ac_cv_prog_ac_ct_RANLIB=ranlib
ac_cv_prog_ac_ct_STRIP=strip
ac_cv_prog_cc_g=yes
ac_cv_prog_cc_stdc=
ac_cv_prog_cxx_g=yes
ac_cv_prog_egrep='grep -E'
ac_cv_prog_make_make_set=yes
ac_cv_type__Bool=yes
ac_cv_type_size_t=yes
am_cv_CC_dependencies_compiler_type=gcc3
am_cv_CXX_dependencies_compiler_type=gcc3
lt_cv_archive_cmds_need_lc=no
lt_cv_compiler_c_o=yes
lt_cv_compiler_o_lo=yes
lt_cv_deplibs_check_method=pass_all
lt_cv_file_magic_cmd='$MAGIC_CMD'
lt_cv_file_magic_test_file='/lib/libc.so.6 /lib/libc-2.3.2.so'
lt_cv_global_symbol_to_c_name_address='sed -n -e '\''s/^: \([^ ]*\) $/  {\"\1\", (lt_ptr) 0},/p'\'' -e '\''s/^[BCDEGRST] \([^ ]*\) \([^ ]*\)$/  {"\2", (lt_ptr) \&\2},/p'\'''
lt_cv_global_symbol_to_cdecl='sed -n -e '\''s/^. .* \(.*\)$/extern char \1;/p'\'''
lt_cv_ld_reload_flag=-r
lt_cv_path_LD=/usr/bin/ld
lt_cv_path_NM='/usr/bin/nm -B'
lt_cv_path_SED=/bin/sed
lt_cv_prog_cc_can_build_shared=yes
lt_cv_prog_cc_no_builtin=
lt_cv_prog_cc_pic=' -fPIC'
lt_cv_prog_cc_pic_works=yes
lt_cv_prog_cc_shlib=
lt_cv_prog_cc_static=-static
lt_cv_prog_cc_static_works=yes
lt_cv_prog_cc_wl=-Wl,
lt_cv_prog_gnu_ld=yes
lt_cv_sys_global_symbol_pipe='sed -n -e '\''s/^.*[ 	]\([ABCDGISTW][ABCDGISTW]*\)[ 	][ 	]*\(\)\([_A-Za-z][_A-Za-z0-9]*\)$/\1 \2\3 \3/p'\'''

## ----------------- ##
## Output variables. ##
## ----------------- ##

ACLOCAL='${SHELL} /home/tonix/Desktop/ServiceProvider/MetadataGenerator/htmlcxx/missing --run aclocal-1.7'
AMDEPBACKSLASH='\'
AMDEP_FALSE='#'
AMDEP_TRUE=''
AMTAR='${SHELL} /home/tonix/Desktop/ServiceProvider/MetadataGenerator/htmlcxx/missing --run tar'
AUTOCONF='${SHELL} /home/tonix/Desktop/ServiceProvider/MetadataGenerator/htmlcxx/missing --run autoconf'
AUTOHEADER='${SHELL} /home/tonix/Desktop/ServiceProvider/MetadataGenerator/htmlcxx/missing --run autoheader'
AUTOMAKE='${SHELL} /home/tonix/Desktop/ServiceProvider/MetadataGenerator/htmlcxx/missing --run automake-1.7'
AWK='mawk'
CC='gcc'
CCDEPMODE='depmode=gcc3'
CFLAGS='-g -O2'
CPP='gcc -E'
CPPFLAGS=''
CXX='g++'
CXXDEPMODE='depmode=gcc3'
CXXFLAGS='-g -O2'
CYGPATH_W='echo'
DEFS='-DHAVE_CONFIG_H'
DEPDIR='.deps'
ECHO='echo'
ECHO_C=''
ECHO_N='-n'
ECHO_T=''
EGREP='grep -E'
EXEEXT=''
INSTALL_DATA='${INSTALL} -m 644'
INSTALL_PROGRAM='${INSTALL}'
INSTALL_SCRIPT='${INSTALL}'
INSTALL_STRIP_PROGRAM='${SHELL} $(install_sh) -c -s'
LDFLAGS=''
LEX='${SHELL} /home/tonix/Desktop/ServiceProvider/MetadataGenerator/htmlcxx/missing --run flex'
LEXLIB=''
LEX_OUTPUT_ROOT=''
LIBOBJS=''
LIBS=''
LIBTOOL='$(SHELL) $(top_builddir)/libtool'
LN_S='ln -s'
LTLIBOBJS=''
MAKEINFO='${SHELL} /home/tonix/Desktop/ServiceProvider/MetadataGenerator/htmlcxx/missing --run makeinfo'
OBJEXT='o'
PACKAGE='htmlcxx'
PACKAGE_BUGREPORT=''
PACKAGE_NAME=''
PACKAGE_STRING=''
PACKAGE_TARNAME=''
PACKAGE_VERSION=''
PATH_SEPARATOR=':'
RANLIB='ranlib'
SET_MAKE=''
SHELL='/bin/sh'
STRIP='strip'
VERSION='0.4'
YACC='yacc'
ac_ct_CC='gcc'
ac_ct_CXX='g++'
ac_ct_RANLIB='ranlib'
ac_ct_STRIP='strip'
am__fastdepCC_FALSE='#'
am__fastdepCC_TRUE=''
am__fastdepCXX_FALSE='#'
am__fastdepCXX_TRUE=''
am__include='include'
am__leading_dot='.'
am__quote=''
bindir='${exec_prefix}/bin'
build='i686-pc-linux-gnu'
build_alias=''
build_cpu='i686'
build_os='linux-gnu'
build_vendor='pc'
datadir='${prefix}/share'
exec_prefix='${prefix}'
host='i686-pc-linux-gnu'
host_alias=''
host_cpu='i686'
host_os='linux-gnu'
host_vendor='pc'
includedir='${prefix}/include'
infodir='${prefix}/info'
install_sh='/home/tonix/Desktop/ServiceProvider/MetadataGenerator/htmlcxx/install-sh'
libdir='${exec_prefix}/lib'
libexecdir='${exec_prefix}/libexec'
localstatedir='${prefix}/var'
mandir='${prefix}/man'
oldincludedir='/usr/include'
prefix='/usr/local'
program_transform_name='s,x,x,'
sbindir='${exec_prefix}/sbin'
sharedstatedir='${prefix}/com'
sysconfdir='${prefix}/etc'
target_alias=''

## ----------- ##
## confdefs.h. ##
## ----------- ##

#define HAVE_DLFCN_H 1
#define HAVE_INTTYPES_H 1
#define HAVE_MEMORY_H 1
#define HAVE_STDBOOL_H 1
#define HAVE_STDINT_H 1
#define HAVE_STDLIB_H 1
#define HAVE_STRINGS_H 1
#define HAVE_STRING_H 1
#define HAVE_SYS_STAT_H 1
#define HAVE_SYS_TYPES_H 1
#define HAVE_UNISTD_H 1
#define HAVE__BOOL 1
#define PACKAGE "htmlcxx"
#define PACKAGE_BUGREPORT ""
#define PACKAGE_NAME ""
#define PACKAGE_STRING ""
#define PACKAGE_TARNAME ""
#define PACKAGE_VERSION ""
#define STDC_HEADERS 1
#define STDC_HEADERS 1
#define TIME_WITH_SYS_TIME 1
#define VERSION "0.4"
#endif
#ifdef __cplusplus
#include <stdlib.h>

configure: exit 0
